{
  "RSpec": {
    "coverage": {
      "/Users/makerslaptop95/Desktop/Projects/airport_challenge_2/spec/airport_spec.rb": [
        1,
        null,
        null,
        null,
        null,
        null,
        null,
        null,
        null,
        null,
        null,
        null,
        null,
        1,
        null,
        1,
        1,
        null,
        1,
        null,
        null,
        1,
        1,
        null,
        1,
        null,
        null,
        1,
        1,
        1,
        null,
        null,
        null,
        null,
        null,
        null,
        null,
        null,
        null,
        null,
        null,
        1,
        1,
        null,
        1,
        null,
        null,
        null
      ],
      "/Users/makerslaptop95/Desktop/Projects/airport_challenge_2/lib/airport.rb": [
        1,
        null
      ],
      "/Users/makerslaptop95/Desktop/Projects/airport_challenge_2/spec/plane_spec.rb": [
        1,
        null,
        null,
        null,
        null,
        null,
        null,
        null,
        null,
        null,
        null,
        null,
        null,
        null,
        null,
        null,
        1,
        null,
        1,
        null,
        1,
        null,
        1,
        null,
        1,
        null,
        1,
        null,
        null
      ],
      "/Users/makerslaptop95/Desktop/Projects/airport_challenge_2/lib/plane.rb": [
        1,
        null
      ]
    },
    "timestamp": 1436642876
  }
}
