{
  "RSpec": {
    "coverage": {
      "/Users/makerslaptop95/Desktop/Projects/airport_challenge_2/spec/airport_spec.rb": [
        1,
        null,
        null,
        null,
        null,
        null,
        null,
        null,
        null,
        null,
        null,
        null,
        null,
        1,
        4,
        4,
        null,
        1,
        1,
        1,
        1,
        null,
        null,
        1,
        1,
        7,
        2,
        null,
        null,
        null,
        1,
        1,
        1,
        1,
        1,
        null,
        null,
        null,
        1,
        1,
        1,
        null,
        null,
        null,
        null,
        null,
        null,
        null,
        null,
        null,
        null,
        null,
        1,
        1,
        null,
        1,
        null,
        null,
        null
      ],
      "/Users/makerslaptop95/Desktop/Projects/airport_challenge_2/lib/airport.rb": [
        1,
        1,
        null,
        1,
        null,
        1,
        3,
        3,
        null,
        null,
        1,
        9,
        null,
        null,
        1,
        2,
        null,
        null,
        1,
        1,
        null,
        null,
        1,
        9,
        null,
        null
      ],
      "/Users/makerslaptop95/Desktop/Projects/airport_challenge_2/spec/feature/airport_finale_spec.rb": [
        1,
        1,
        1,
        null,
        1,
        1,
        null,
        1,
        null,
        null,
        1,
        null,
        null,
        1,
        null,
        null,
        1,
        null,
        null,
        1,
        null,
        null,
        1,
        null,
        null
      ],
      "/Users/makerslaptop95/Desktop/Projects/airport_challenge_2/lib/plane.rb": [
        1,
        1,
        7,
        null,
        null,
        1,
        2,
        null,
        null,
        1,
        4,
        null,
        null,
        1,
        1,
        null,
        null,
        1,
        2,
        null,
        null
      ],
      "/Users/makerslaptop95/Desktop/Projects/airport_challenge_2/spec/plane_spec.rb": [
        1,
        null,
        1,
        8,
        null,
        1,
        1,
        null,
        null,
        1,
        1,
        null,
        null,
        1,
        1,
        1,
        null,
        null,
        1,
        1,
        2,
        null,
        null,
        1,
        1,
        null,
        null,
        1,
        1,
        1,
        1,
        null,
        null,
        1,
        2,
        null,
        null
      ]
    },
    "timestamp": 1436691808
  }
}
